{
  "RSpec": {
    "coverage": {
      "/home/lewis/Repositories/Makers_Academy/4_Week/Bookmark/spec/features/add_tags_spec.rb": [
        1,
        1,
        1,
        null,
        1,
        null,
        1,
        1,
        1,
        1,
        1,
        1,
        1,
        1,
        1,
        null,
        null
      ],
      "/home/lewis/Repositories/Makers_Academy/4_Week/Bookmark/spec/features/app_spec.rb": [
        1,
        1,
        1,
        null,
        1,
        null,
        null,
        1,
        null,
        null,
        1,
        1,
        1,
        1,
        1,
        1,
        1,
        null,
        1,
        null,
        null,
        null
      ],
      "/home/lewis/Repositories/Makers_Academy/4_Week/Bookmark/spec/features/creating_links_spec.rb": [
        1,
        1,
        1,
        null,
        1,
        null,
        1,
        1,
        1,
        1,
        1,
        1,
        1,
        1,
        null,
        null
      ]
    },
    "timestamp": 1510769217
  }
}
